Tue, 10 Sep 2019 04:26:03 +0000 r3
Tue, 10 Sep 2019 07:14:29 +0000 r3
Tue, 10 Sep 2019 07:14:30 +0000 r3
Tue, 10 Sep 2019 07:14:33 +0000 r3
Tue, 10 Sep 2019 17:09:11 +0000 r3
Wed, 11 Sep 2019 05:19:56 +0000 r3
Wed, 11 Sep 2019 05:19:58 +0000 r3
Wed, 11 Sep 2019 05:58:08 +0000 r3
Wed, 11 Sep 2019 09:37:54 +0000 r3
Fri, 13 Sep 2019 06:54:38 +0000 r3
Fri, 13 Sep 2019 09:13:01 +0000 r3
Fri, 13 Sep 2019 20:01:08 +0000 r3
Fri, 13 Sep 2019 20:01:12 +0000 r3
Fri, 13 Sep 2019 22:49:16 +0000 r3
Sat, 14 Sep 2019 07:59:28 +0000 r3
Sun, 15 Sep 2019 02:09:47 +0000 r3
Sun, 15 Sep 2019 02:09:48 +0000 r3
Sun, 15 Sep 2019 17:36:10 +0000 r3
Mon, 16 Sep 2019 12:47:36 +0000 r3
Mon, 16 Sep 2019 12:47:37 +0000 r3
Tue, 17 Sep 2019 07:54:16 +0000 r3
Tue, 17 Sep 2019 07:54:17 +0000 r3
Tue, 17 Sep 2019 10:10:48 +0000 r3
Tue, 17 Sep 2019 16:34:41 +0000 r3
Tue, 17 Sep 2019 16:34:41 +0000 r3
Tue, 17 Sep 2019 22:14:30 +0000 r3
Wed, 18 Sep 2019 16:58:54 +0000 r3
Wed, 18 Sep 2019 20:17:16 +0000 r3
Thu, 19 Sep 2019 04:46:49 +0000 r3
Thu, 19 Sep 2019 04:46:49 +0000 r3
Fri, 20 Sep 2019 12:46:53 +0000 r3
Sat, 21 Sep 2019 15:29:19 +0000 r3
Sat, 21 Sep 2019 15:29:19 +0000 r3
Sat, 21 Sep 2019 17:32:43 +0000 r3
Sun, 22 Sep 2019 16:14:19 +0000 r3
Tue, 24 Sep 2019 02:55:09 +0000 r3
Tue, 24 Sep 2019 09:44:08 +0000 r3
Tue, 24 Sep 2019 09:44:09 +0000 r3
Tue, 24 Sep 2019 12:55:22 +0000 r3
Thu, 26 Sep 2019 05:34:30 +0000 r3
Thu, 26 Sep 2019 11:20:06 +0000 r3
Thu, 26 Sep 2019 13:48:21 +0000 r3
Thu, 26 Sep 2019 16:13:49 +0000 r3
Thu, 26 Sep 2019 16:13:49 +0000 r3
Thu, 26 Sep 2019 16:13:49 +0000 r3
Fri, 27 Sep 2019 00:47:51 +0000 r3
Sat, 28 Sep 2019 11:21:45 +0000 r3
Sat, 28 Sep 2019 11:21:45 +0000 r3
Sat, 28 Sep 2019 14:01:19 +0000 r3
Sat, 28 Sep 2019 14:01:19 +0000 r3
Sun, 29 Sep 2019 00:39:54 +0000 r3
Sun, 29 Sep 2019 10:40:16 +0000 r3
Sun, 29 Sep 2019 12:59:20 +0000 r3
Sun, 29 Sep 2019 12:59:20 +0000 r3
Sun, 29 Sep 2019 12:59:20 +0000 r3
Sun, 29 Sep 2019 12:59:20 +0000 r3
Sun, 29 Sep 2019 12:59:21 +0000 r3
Sun, 29 Sep 2019 12:59:22 +0000 r3
Sun, 29 Sep 2019 12:59:22 +0000 r3
Mon, 30 Sep 2019 05:39:48 +0000 r3
Mon, 30 Sep 2019 05:39:49 +0000 r3
Mon, 30 Sep 2019 08:45:29 +0000 r3
Mon, 30 Sep 2019 13:50:35 +0000 r3
Wed, 02 Oct 2019 05:38:04 +0000 r3
Wed, 02 Oct 2019 05:38:05 +0000 r3
Wed, 02 Oct 2019 07:44:10 +0000 r3
Thu, 17 Oct 2019 00:45:53 +0000 r3
Thu, 17 Oct 2019 22:24:13 +0000 r3
Wed, 23 Oct 2019 11:10:36 +0000 r3
Wed, 23 Oct 2019 23:39:27 +0000 r3
Thu, 24 Oct 2019 06:36:12 +0000 r3
Thu, 31 Oct 2019 20:43:27 +0000 r3
Mon, 04 Nov 2019 08:10:49 +0000 r3
Mon, 04 Nov 2019 08:10:49 +0000 r3
Wed, 06 Nov 2019 05:50:33 +0000 r3
Tue, 12 Nov 2019 06:54:44 +0000 r3
Tue, 12 Nov 2019 06:54:44 +0000 r3
Fri, 15 Nov 2019 14:28:27 +0000 r3
Mon, 18 Nov 2019 16:23:04 +0000 r3
Fri, 22 Nov 2019 02:15:51 +0000 r3
Fri, 22 Nov 2019 02:15:51 +0000 r3
Thu, 28 Nov 2019 01:36:37 +0000 r3
Sun, 01 Dec 2019 11:52:26 +0000 r3
Fri, 03 Jan 2020 17:26:09 +0000 r3
Sat, 04 Jan 2020 04:07:59 +0000 r3
Sat, 04 Jan 2020 04:45:18 +0000 r3
Sun, 05 Jan 2020 12:48:39 +0000 r3
Wed, 08 Jan 2020 08:22:21 +0000 r3
Thu, 09 Jan 2020 23:04:40 +0000 r3
Fri, 17 Jan 2020 02:01:47 +0000 r3
Sun, 19 Jan 2020 11:33:45 +0000 r3
Mon, 20 Jan 2020 23:19:59 +0000 r3
Tue, 21 Jan 2020 11:39:29 +0000 r3
Fri, 24 Jan 2020 08:57:56 +0000 r3
Wed, 12 Feb 2020 15:08:04 +0000 r3
Tue, 18 Feb 2020 06:54:59 +0000 r3
Tue, 18 Feb 2020 06:54:59 +0000 r3
Tue, 01 Sep 2020 07:56:02 +0000 r3
